<?xml version="1.0" encoding="UTF-8"?>
<!-- Generated by org.testng.reporters.JUnitXMLReporter -->
<testsuite ignored="0" hostname="Dharmraj" failures="0" tests="10" name="Test" time="23.714" errors="0" timestamp="2025-09-15T23:47:32 IST">
  <testcase classname="extraTestNG.demo2" name="case2" time="3.441"/>
  <testcase classname="extraTestNG.demo2" name="case3" time="2.855"/>
  <testcase classname="extraTestNG.demo2" name="case4" time="2.001"/>
  <testcase classname="extraTestNG.demo3" name="case2" time="2.166"/>
  <testcase classname="extraTestNG.demo3" name="case3" time="2.423"/>
  <testcase classname="extraTestNG.demo3" name="case4" time="3.031"/>
  <testcase classname="extraTestNG.demo1" name="case1" time="0.003"/>
  <testcase classname="extraTestNG.demo1" name="case2" time="2.152"/>
  <testcase classname="extraTestNG.demo1" name="case3" time="2.589"/>
  <testcase classname="extraTestNG.demo1" name="case4" time="2.945"/>
</testsuite> <!-- Test -->
