<?xml version="1.0" encoding="UTF-8"?>
<!-- Generated by org.testng.reporters.JUnitReportReporter -->
<testsuite hostname="Dharmraj" failures="0" tests="3" name="extraTestNG.demo2" time="11.683" errors="0" timestamp="2025-09-17T01:13:56 IST" skipped="0">
  <testcase classname="extraTestNG.demo2" name="case4" time="3.055"/>
  <testcase classname="extraTestNG.demo2" name="case3" time="3.006"/>
  <testcase classname="extraTestNG.demo2" name="case2" time="5.622"/>
</testsuite> <!-- extraTestNG.demo2 -->
