<?xml version="1.0" encoding="UTF-8"?>
<!-- Generated by org.testng.reporters.JUnitReportReporter -->
<testsuite hostname="Dharmraj" failures="0" tests="3" name="extraTestNG.demo3" time="11.785" errors="0" timestamp="2025-09-17T01:13:56 IST" skipped="0">
  <testcase classname="extraTestNG.demo3" name="case4" time="2.841"/>
  <testcase classname="extraTestNG.demo3" name="case3" time="3.074"/>
  <testcase classname="extraTestNG.demo3" name="case2" time="5.870"/>
</testsuite> <!-- extraTestNG.demo3 -->
