<?xml version="1.0" encoding="UTF-8"?>
<testng-results ignored="0" total="1" passed="1" failed="0" skipped="0">
  <reporter-output>
  </reporter-output>
  <suite started-at="2025-10-19T22:59:45 IST" name="Default suite" finished-at="2025-10-19T23:00:10 IST" duration-ms="24764">
    <groups>
    </groups>
    <test started-at="2025-10-19T22:59:45 IST" name="Default test" finished-at="2025-10-19T23:00:10 IST" duration-ms="24764">
      <class name="extraTestNGAnnotations.createOrg">
        <test-method is-config="true" signature="dbConnection()[pri:0, instance:extraTestNGAnnotations.createOrg@65e98b1c]" started-at="2025-10-19T22:59:44 IST" name="dbConnection" finished-at="2025-10-19T22:59:45 IST" duration-ms="595" status="PASS">
          <reporter-output>
          </reporter-output>
        </test-method> <!-- dbConnection -->
        <test-method is-config="true" signature="preConditon()[pri:0, instance:extraTestNGAnnotations.createOrg@65e98b1c]" started-at="2025-10-19T22:59:45 IST" name="preConditon" finished-at="2025-10-19T22:59:45 IST" duration-ms="2" status="PASS">
          <reporter-output>
          </reporter-output>
        </test-method> <!-- preConditon -->
        <test-method is-config="true" signature="openBrowser()[pri:0, instance:extraTestNGAnnotations.createOrg@65e98b1c]" started-at="2025-10-19T22:59:45 IST" name="openBrowser" finished-at="2025-10-19T22:59:48 IST" duration-ms="2631" status="PASS">
          <reporter-output>
          </reporter-output>
        </test-method> <!-- openBrowser -->
        <test-method is-config="true" signature="login()[pri:0, instance:extraTestNGAnnotations.createOrg@65e98b1c]" started-at="2025-10-19T22:59:48 IST" name="login" finished-at="2025-10-19T22:59:49 IST" duration-ms="1322" status="PASS">
          <reporter-output>
          </reporter-output>
        </test-method> <!-- login -->
        <test-method signature="organisation()[pri:0, instance:extraTestNGAnnotations.createOrg@65e98b1c]" started-at="2025-10-19T22:59:49 IST" name="organisation" finished-at="2025-10-19T23:00:05 IST" duration-ms="16219" status="PASS">
          <reporter-output>
          </reporter-output>
        </test-method> <!-- organisation -->
        <test-method is-config="true" signature="logOut()[pri:0, instance:extraTestNGAnnotations.createOrg@65e98b1c]" started-at="2025-10-19T23:00:05 IST" name="logOut" finished-at="2025-10-19T23:00:09 IST" duration-ms="4277" status="PASS">
          <reporter-output>
          </reporter-output>
        </test-method> <!-- logOut -->
        <test-method is-config="true" signature="closeBrowser()[pri:0, instance:extraTestNGAnnotations.createOrg@65e98b1c]" started-at="2025-10-19T23:00:09 IST" name="closeBrowser" finished-at="2025-10-19T23:00:10 IST" duration-ms="249" status="PASS">
          <reporter-output>
          </reporter-output>
        </test-method> <!-- closeBrowser -->
        <test-method is-config="true" signature="postCondition()[pri:0, instance:extraTestNGAnnotations.createOrg@65e98b1c]" started-at="2025-10-19T23:00:10 IST" name="postCondition" finished-at="2025-10-19T23:00:10 IST" duration-ms="0" status="PASS">
          <reporter-output>
          </reporter-output>
        </test-method> <!-- postCondition -->
        <test-method is-config="true" signature="DBConnecttionOff()[pri:0, instance:extraTestNGAnnotations.createOrg@65e98b1c]" started-at="2025-10-19T23:00:10 IST" name="DBConnecttionOff" finished-at="2025-10-19T23:00:10 IST" duration-ms="442" status="PASS">
          <reporter-output>
          </reporter-output>
        </test-method> <!-- DBConnecttionOff -->
      </class> <!-- extraTestNGAnnotations.createOrg -->
    </test> <!-- Default test -->
  </suite> <!-- Default suite -->
</testng-results>
